args: Namespace(random_seed=2023, is_finetune=1, is_linear_probe=0, dset_finetune='stock', context_points=256, target_points=1, batch_size=1, num_workers=0, scaler='standard', features='M', market='AShare', patch_len=12, stride=12, revin=1, ci=1, graph=0, rel_type=0, k=20, n_layers=3, n_heads=16, d_model=128, d_ff=256, dropout=0.2, head_dropout=0.0, n_epochs_finetune=20, lr=0.0001, alpha=1, n_epochs_pretrain=100, mask_ratio=0.4, pretrained_model=None, finetuned_model_id=1, model_type='based_model')
pretrained checkpoint: /Users/apple/Desktop/2026 proj_01/S3-practice/CI-STHPAN/finetune/saved_models/AShare/pretrained/patchtst_pretrained_cw256_patch12_stride12_epochs-pretrain100_mask0.4_revin1_ci1_graph0_rel_type0_k20/model0/model.pth
Using device: mps (Apple GPU)
#datautils stock root_path: /Users/apple/Desktop/2026 proj_01/S3-practice/CI-STHPAN/CI-STHPAN_self_supervised/src/data/datasets/stock/
#datautils tickers_fname: AShare_tickers_qualify_dr-0.98_min-5_smooth.csv
#tickers selected: 462
#Dataset_Stock loading CSVs for split=train (~462 tickers) — this can take several minutes…
#single EOD data shape: (902, 5)
  … loaded 50/462 tickers (train)
  … loaded 100/462 tickers (train)
  … loaded 150/462 tickers (train)
  … loaded 200/462 tickers (train)
  … loaded 250/462 tickers (train)
  … loaded 300/462 tickers (train)
  … loaded 350/462 tickers (train)
  … loaded 400/462 tickers (train)
  … loaded 450/462 tickers (train)
  … loaded 462/462 tickers (train)
#eod_data shape: (462, 902, 5)
#masks shape: (462, 902)
#ground_truth shape: (462, 902)
#base_price shape: (462, 902)
#data_stamp shape: (462, 902, 4)
#tickers selected: 462
#Dataset_Stock loading CSVs for split=val (~462 tickers) — this can take several minutes…
#single EOD data shape: (557, 5)
  … loaded 50/462 tickers (val)
  … loaded 100/462 tickers (val)
  … loaded 150/462 tickers (val)
  … loaded 200/462 tickers (val)
  … loaded 250/462 tickers (val)
  … loaded 300/462 tickers (val)
  … loaded 350/462 tickers (val)
  … loaded 400/462 tickers (val)
  … loaded 450/462 tickers (val)
  … loaded 462/462 tickers (val)
#eod_data shape: (462, 557, 5)
#masks shape: (462, 557)
#ground_truth shape: (462, 557)
#base_price shape: (462, 557)
#data_stamp shape: (462, 557, 4)
#tickers selected: 462
#Dataset_Stock loading CSVs for split=test (~462 tickers) — this can take several minutes…
#single EOD data shape: (557, 5)
  … loaded 50/462 tickers (test)
  … loaded 100/462 tickers (test)
  … loaded 150/462 tickers (test)
  … loaded 200/462 tickers (test)
  … loaded 250/462 tickers (test)
  … loaded 300/462 tickers (test)
  … loaded 350/462 tickers (test)
  … loaded 400/462 tickers (test)
  … loaded 450/462 tickers (test)
  … loaded 462/462 tickers (test)
#eod_data shape: (462, 557, 5)
#masks shape: (462, 557)
#ground_truth shape: (462, 557)
#base_price shape: (462, 557)
#data_stamp shape: (462, 557, 4)
number of patches: 21
number of model params 404481
weights from /Users/apple/Desktop/2026 proj_01/S3-practice/CI-STHPAN/finetune/saved_models/AShare/pretrained/patchtst_pretrained_cw256_patch12_stride12_epochs-pretrain100_mask0.4_revin1_ci1_graph0_rel_type0_k20/model0/model.pth successfully transferred!

suggested_lr 0.00035938136638046257
end-to-end finetuning
#datautils stock root_path: /Users/apple/Desktop/2026 proj_01/S3-practice/CI-STHPAN/CI-STHPAN_self_supervised/src/data/datasets/stock/
#datautils tickers_fname: AShare_tickers_qualify_dr-0.98_min-5_smooth.csv
#tickers selected: 462
#Dataset_Stock loading CSVs for split=train (~462 tickers) — this can take several minutes…
#single EOD data shape: (902, 5)
  … loaded 50/462 tickers (train)
  … loaded 100/462 tickers (train)
  … loaded 150/462 tickers (train)
  … loaded 200/462 tickers (train)
  … loaded 250/462 tickers (train)
  … loaded 300/462 tickers (train)
  … loaded 350/462 tickers (train)
  … loaded 400/462 tickers (train)
  … loaded 450/462 tickers (train)
  … loaded 462/462 tickers (train)
#eod_data shape: (462, 902, 5)
#masks shape: (462, 902)
#ground_truth shape: (462, 902)
#base_price shape: (462, 902)
#data_stamp shape: (462, 902, 4)
#tickers selected: 462
#Dataset_Stock loading CSVs for split=val (~462 tickers) — this can take several minutes…
#single EOD data shape: (557, 5)
  … loaded 50/462 tickers (val)
  … loaded 100/462 tickers (val)
  … loaded 150/462 tickers (val)
  … loaded 200/462 tickers (val)
  … loaded 250/462 tickers (val)
  … loaded 300/462 tickers (val)
  … loaded 350/462 tickers (val)
  … loaded 400/462 tickers (val)
  … loaded 450/462 tickers (val)
  … loaded 462/462 tickers (val)
#eod_data shape: (462, 557, 5)
#masks shape: (462, 557)
#ground_truth shape: (462, 557)
#base_price shape: (462, 557)
#data_stamp shape: (462, 557, 4)
#tickers selected: 462
#Dataset_Stock loading CSVs for split=test (~462 tickers) — this can take several minutes…
#single EOD data shape: (557, 5)
  … loaded 50/462 tickers (test)
  … loaded 100/462 tickers (test)
  … loaded 150/462 tickers (test)
  … loaded 200/462 tickers (test)
  … loaded 250/462 tickers (test)
  … loaded 300/462 tickers (test)
  … loaded 350/462 tickers (test)
  … loaded 400/462 tickers (test)
  … loaded 450/462 tickers (test)
  … loaded 462/462 tickers (test)
#eod_data shape: (462, 557, 5)
#masks shape: (462, 557)
#ground_truth shape: (462, 557)
#base_price shape: (462, 557)
#data_stamp shape: (462, 557, 4)
number of patches: 21
number of model params 404481
weights from /Users/apple/Desktop/2026 proj_01/S3-practice/CI-STHPAN/finetune/saved_models/AShare/pretrained/patchtst_pretrained_cw256_patch12_stride12_epochs-pretrain100_mask0.4_revin1_ci1_graph0_rel_type0_k20/model0/model.pth successfully transferred!

Finetune the head
          epoch     train_loss     valid_loss           time
Better model found at epoch 0 with valid_loss value: 0.01092492385560096.
              0       0.023442       0.010925          03:08
              1       0.013916       0.012205          03:15
Better model found at epoch 2 with valid_loss value: 0.008833233304198003.
              2       0.011858       0.008833          03:18
Better model found at epoch 3 with valid_loss value: 0.006278580605389668.
              3       0.010314       0.006279          03:19
              4       0.009778       0.006746          03:11
Better model found at epoch 5 with valid_loss value: 0.005289888857210989.
              5       0.009110       0.005290          03:18
Better model found at epoch 6 with valid_loss value: 0.00475652154497926.
              6       0.008605       0.004757          03:15
              7       0.008334       0.004945          03:20
              8       0.008198       0.005443          03:18
              9       0.008079       0.005186          03:19
Finetune the entire network
          epoch     train_loss     valid_loss           time
Better model found at epoch 0 with valid_loss value: 0.003864445163562052.
              0       0.007593       0.003864          08:40
              1       0.007693       0.004353          08:49
              2       0.026216       0.036512          08:49
              3       0.056566       0.038512          08:33
              4       0.055820       0.042484          08:42
              5       0.055941       0.038459          08:37
              6       0.054793       0.039441          08:30
              7       0.054436       0.038118          08:36
              8       0.054114       0.042066          08:40
              9       0.053978       0.039233          08:44
             10       0.053509       0.039845          08:50
             11       0.052990       0.038680          08:39
             12       0.052905       0.038688          08:49
             13       0.053064       0.038454          08:38
             14       0.052626       0.038298          08:46
             15       0.052481       0.039204          08:49
             16       0.052283       0.040180          08:20
             17       0.052159       0.038285          08:28
             18       0.052280       0.039067          08:17
             19       0.052144       0.038812          08:17
finetune completed
#datautils stock root_path: /Users/apple/Desktop/2026 proj_01/S3-practice/CI-STHPAN/CI-STHPAN_self_supervised/src/data/datasets/stock/
#datautils tickers_fname: AShare_tickers_qualify_dr-0.98_min-5_smooth.csv
#tickers selected: 462
#Dataset_Stock loading CSVs for split=train (~462 tickers) — this can take several minutes…
#single EOD data shape: (902, 5)
  … loaded 50/462 tickers (train)
  … loaded 100/462 tickers (train)
  … loaded 150/462 tickers (train)
  … loaded 200/462 tickers (train)
  … loaded 250/462 tickers (train)
  … loaded 300/462 tickers (train)
  … loaded 350/462 tickers (train)
  … loaded 400/462 tickers (train)
  … loaded 450/462 tickers (train)
  … loaded 462/462 tickers (train)
#eod_data shape: (462, 902, 5)
#masks shape: (462, 902)
#ground_truth shape: (462, 902)
#base_price shape: (462, 902)
#data_stamp shape: (462, 902, 4)
#tickers selected: 462
#Dataset_Stock loading CSVs for split=val (~462 tickers) — this can take several minutes…
#single EOD data shape: (557, 5)
  … loaded 50/462 tickers (val)
  … loaded 100/462 tickers (val)
  … loaded 150/462 tickers (val)
  … loaded 200/462 tickers (val)
  … loaded 250/462 tickers (val)
  … loaded 300/462 tickers (val)
  … loaded 350/462 tickers (val)
  … loaded 400/462 tickers (val)
  … loaded 450/462 tickers (val)
  … loaded 462/462 tickers (val)
#eod_data shape: (462, 557, 5)
#masks shape: (462, 557)
#ground_truth shape: (462, 557)
#base_price shape: (462, 557)
#data_stamp shape: (462, 557, 4)
#tickers selected: 462
#Dataset_Stock loading CSVs for split=test (~462 tickers) — this can take several minutes…
#single EOD data shape: (557, 5)
  … loaded 50/462 tickers (test)
  … loaded 100/462 tickers (test)
  … loaded 150/462 tickers (test)
  … loaded 200/462 tickers (test)
  … loaded 250/462 tickers (test)
  … loaded 300/462 tickers (test)
  … loaded 350/462 tickers (test)
  … loaded 400/462 tickers (test)
  … loaded 450/462 tickers (test)
  … loaded 462/462 tickers (test)
#eod_data shape: (462, 557, 5)
#masks shape: (462, 557)
#ground_truth shape: (462, 557)
#base_price shape: (462, 557)
#data_stamp shape: (462, 557, 4)
number of patches: 21
number of model params 404481
Traceback (most recent call last):
  File "/Users/apple/Desktop/2026 proj_01/S3-practice/CI-STHPAN/CI-STHPAN_self_supervised/./patchtst_finetune.py", line 317, in <module>
    out = test_func(args.market, args.save_finetuned_model)      
  File "/Users/apple/Desktop/2026 proj_01/S3-practice/CI-STHPAN/CI-STHPAN_self_supervised/./patchtst_finetune.py", line 273, in test_func
    out  = learn.test(dls.test,market = market, weight_path=os.path.join(weight_path,'model.pth'), evaluate=evaluate)         # out: a list of [results, preds, trues, preformance, irr5]
  File "/Users/apple/Desktop/2026 proj_01/S3-practice/CI-STHPAN/CI-STHPAN_self_supervised/src/learner.py", line 442, in test
    self.add_callback(cb)
UnboundLocalError: local variable 'cb' referenced before assignment
