args: Namespace(random_seed=2023, dset_pretrain='stock', context_points=256, target_points=1, batch_size=1, num_workers=0, scaler='standard', features='M', market='AShare', patch_len=12, stride=12, revin=1, ci=1, graph=0, rel_type=0, k=20, n_layers=3, n_heads=16, d_model=128, d_ff=256, dropout=0.2, head_dropout=0.0, mask_ratio=0.4, n_epochs_pretrain=100, lr=0.0001, pretrained_model_id=1, model_type='based_model')
Using device: mps (Apple GPU)
Step 1/2: lr_finder (loads datasets + short run)…
#datautils stock root_path: /Users/apple/Desktop/2026 proj_01/S3-practice/CI-STHPAN/CI-STHPAN_self_supervised/src/data/datasets/stock/
#datautils tickers_fname: AShare_tickers_qualify_dr-0.98_min-5_smooth.csv
#tickers selected: 462
#Dataset_Stock loading CSVs for split=train (~462 tickers) — this can take several minutes…
#single EOD data shape: (902, 5)
  … loaded 50/462 tickers (train)
  … loaded 100/462 tickers (train)
  … loaded 150/462 tickers (train)
  … loaded 200/462 tickers (train)
  … loaded 250/462 tickers (train)
  … loaded 300/462 tickers (train)
  … loaded 350/462 tickers (train)
  … loaded 400/462 tickers (train)
  … loaded 450/462 tickers (train)
  … loaded 462/462 tickers (train)
#eod_data shape: (462, 902, 5)
#masks shape: (462, 902)
#ground_truth shape: (462, 902)
#base_price shape: (462, 902)
#data_stamp shape: (462, 902, 4)
#tickers selected: 462
#Dataset_Stock loading CSVs for split=val (~462 tickers) — this can take several minutes…
#single EOD data shape: (557, 5)
  … loaded 50/462 tickers (val)
  … loaded 100/462 tickers (val)
  … loaded 150/462 tickers (val)
  … loaded 200/462 tickers (val)
  … loaded 250/462 tickers (val)
  … loaded 300/462 tickers (val)
  … loaded 350/462 tickers (val)
  … loaded 400/462 tickers (val)
  … loaded 450/462 tickers (val)
  … loaded 462/462 tickers (val)
#eod_data shape: (462, 557, 5)
#masks shape: (462, 557)
#ground_truth shape: (462, 557)
#base_price shape: (462, 557)
#data_stamp shape: (462, 557, 4)
#tickers selected: 462
#Dataset_Stock loading CSVs for split=test (~462 tickers) — this can take several minutes…
#single EOD data shape: (557, 5)
  … loaded 50/462 tickers (test)
  … loaded 100/462 tickers (test)
  … loaded 150/462 tickers (test)
  … loaded 200/462 tickers (test)
  … loaded 250/462 tickers (test)
  … loaded 300/462 tickers (test)
  … loaded 350/462 tickers (test)
  … loaded 400/462 tickers (test)
  … loaded 450/462 tickers (test)
  … loaded 462/462 tickers (test)
#eod_data shape: (462, 557, 5)
#masks shape: (462, 557)
#ground_truth shape: (462, 557)
#base_price shape: (462, 557)
#data_stamp shape: (462, 557, 4)
number of patches: 21
number of model params 403340
suggested_lr 0.0013219411484660286
Step 2/2: pretrain fit_one_cycle…
#datautils stock root_path: /Users/apple/Desktop/2026 proj_01/S3-practice/CI-STHPAN/CI-STHPAN_self_supervised/src/data/datasets/stock/
#datautils tickers_fname: AShare_tickers_qualify_dr-0.98_min-5_smooth.csv
#tickers selected: 462
#Dataset_Stock loading CSVs for split=train (~462 tickers) — this can take several minutes…
#single EOD data shape: (902, 5)
  … loaded 50/462 tickers (train)
  … loaded 100/462 tickers (train)
  … loaded 150/462 tickers (train)
  … loaded 200/462 tickers (train)
  … loaded 250/462 tickers (train)
  … loaded 300/462 tickers (train)
  … loaded 350/462 tickers (train)
  … loaded 400/462 tickers (train)
  … loaded 450/462 tickers (train)
  … loaded 462/462 tickers (train)
#eod_data shape: (462, 902, 5)
#masks shape: (462, 902)
#ground_truth shape: (462, 902)
#base_price shape: (462, 902)
#data_stamp shape: (462, 902, 4)
#tickers selected: 462
#Dataset_Stock loading CSVs for split=val (~462 tickers) — this can take several minutes…
#single EOD data shape: (557, 5)
  … loaded 50/462 tickers (val)
  … loaded 100/462 tickers (val)
  … loaded 150/462 tickers (val)
  … loaded 200/462 tickers (val)
  … loaded 250/462 tickers (val)
  … loaded 300/462 tickers (val)
  … loaded 350/462 tickers (val)
  … loaded 400/462 tickers (val)
  … loaded 450/462 tickers (val)
  … loaded 462/462 tickers (val)
#eod_data shape: (462, 557, 5)
#masks shape: (462, 557)
#ground_truth shape: (462, 557)
#base_price shape: (462, 557)
#data_stamp shape: (462, 557, 4)
#tickers selected: 462
#Dataset_Stock loading CSVs for split=test (~462 tickers) — this can take several minutes…
#single EOD data shape: (557, 5)
  … loaded 50/462 tickers (test)
  … loaded 100/462 tickers (test)
  … loaded 150/462 tickers (test)
  … loaded 200/462 tickers (test)
  … loaded 250/462 tickers (test)
  … loaded 300/462 tickers (test)
  … loaded 350/462 tickers (test)
  … loaded 400/462 tickers (test)
  … loaded 450/462 tickers (test)
  … loaded 462/462 tickers (test)
#eod_data shape: (462, 557, 5)
#masks shape: (462, 557)
#ground_truth shape: (462, 557)
#base_price shape: (462, 557)
#data_stamp shape: (462, 557, 4)
number of patches: 21
number of model params 403340
          epoch     train_loss     valid_loss           time
Better model found at epoch 0 with valid_loss value: 0.9107605183243356.
              0       0.963397       0.910761          04:32
Better model found at epoch 1 with valid_loss value: 0.8990911439407704.
              1       0.925546       0.899091          04:28
Better model found at epoch 2 with valid_loss value: 0.6923356167105741.
              2       0.900893       0.692336          04:27
Better model found at epoch 3 with valid_loss value: 0.5324118477957589.
              3       0.638597       0.532412          04:27
Better model found at epoch 4 with valid_loss value: 0.4203615917319871.
              4       0.547196       0.420362          04:27
Better model found at epoch 5 with valid_loss value: 0.3461728270267727.
              5       0.479235       0.346173          04:28
Better model found at epoch 6 with valid_loss value: 0.30014321970385177.
              6       0.417710       0.300143          04:32
Better model found at epoch 7 with valid_loss value: 0.2755257489277279.
              7       0.366534       0.275526          04:32
Better model found at epoch 8 with valid_loss value: 0.2627740397405783.
              8       0.329454       0.262774          04:24
Better model found at epoch 9 with valid_loss value: 0.2407046600037635.
              9       0.301895       0.240705          31:54
Better model found at epoch 10 with valid_loss value: 0.23975473701755867.
             10       0.282083       0.239755          04:23
Better model found at epoch 11 with valid_loss value: 0.20359413172319482.
             11       0.264739       0.203594          04:23
             12       0.250547       0.216230          04:21
             13       0.241658       0.204683          04:22
Better model found at epoch 14 with valid_loss value: 0.18241395665165594.
             14       0.235889       0.182414          04:22
             15       0.231652       0.182854          04:23
             16       0.255750       0.183695          04:24
             17       0.244094       0.216470          04:22
             18       0.249083       0.196628          04:23
             19       0.235273       0.192685          04:23
             20       0.341809       0.220737          04:23
             21       0.304296       0.218612          04:23
             22       0.666769       0.974826          04:22
             23       0.973674       0.975767          04:22
             24       0.973929       0.975638          04:22
             25       0.973866       0.975685          04:22
             26       0.973982       0.976167          04:22
             27       0.973799       0.975942          04:22
             28       0.973949       0.976684          04:22
             29       0.973845       0.975772          04:22
             30       0.974189       0.976092          04:22
             31       0.974309       0.975382          04:22
             32       0.974150       0.975185          04:22
             33       0.973089       0.975741          04:22
             34       0.973644       0.976067          04:22
             35       0.974001       0.975733          04:24
             36       0.973761       0.975714          04:22
             37       0.973772       0.975729          04:23
             38       0.973439       0.975711          04:22
             39       0.973668       0.975926          04:21
             40       0.973813       0.975720          04:21
             41       0.974014       0.976019          04:21
             42       0.973819       0.975809          04:23
             43       0.973600       0.975581          04:22
             44       0.973865       0.976080          04:22
             45       0.973402       0.975667          04:22
             46       0.974055       0.975863          04:22
             47       0.973775       0.976133          04:22
             48       0.974205       0.975351          04:21
             49       0.974021       0.976198          04:21
             50       0.973562       0.975726          04:21
             51       0.974085       0.976006          04:22
             52       0.973561       0.976108          04:23
             53       0.973629       0.975355          04:23
             54       0.973891       0.976302          04:22
             55       0.973870       0.976495          04:21
             56       0.973703       0.975217          04:21
             57       0.973713       0.975534          04:21
             58       0.973516       0.976059          04:21
             59       0.973929       0.976324          04:21
             60       0.973635       0.975984          04:21
             61       0.973773       0.975862          04:21
             62       0.974007       0.976173          04:21
             63       0.973958       0.976333          04:21
             64       0.973761       0.974948          04:21
             65       0.974065       0.975565          04:21
             66       0.973651       0.975900          04:22
             67       0.973580       0.975523          04:21
             68       0.974090       0.975759          04:21
             69       0.973614       0.975687          04:21
             70       0.974112       0.976033          04:21
             71       0.974108       0.975588          04:21
             72       0.973833       0.975564          04:21
             73       0.973686       0.975374          04:21
             74       0.973789       0.976004          04:21
             75       0.973914       0.976156          04:21
             76       0.973987       0.975679          04:21
             77       0.973687       0.975678          04:21
             78       0.974148       0.976198          04:21
             79       0.973609       0.976260          04:21
             80       0.973207       0.975901          04:21
             81       0.973905       0.975717          04:21
             82       0.973568       0.976168          04:21
             83       0.973967       0.975689          04:21
             84       0.973940       0.975805          04:21
             85       0.973695       0.975947          04:21
             86       0.973990       0.975921          04:21
             87       0.973644       0.975868          04:21
             88       0.973790       0.975871          04:21
             89       0.973781       0.976162          04:21
             90       0.974030       0.975123          04:21
             91       0.973580       0.975527          04:21
             92       0.974161       0.976057          04:21
             93       0.973802       0.975851          04:21
             94       0.974040       0.975381          04:21
             95       0.973827       0.975933          04:21
             96       0.973620       0.975594          04:21
             97       0.973295       0.975860          04:21
             98       0.973802       0.975726          04:21
             99       0.973708       0.975925          04:21
itr: 0  pretraining completed！ time:34725
